<?xml version="1.0" encoding="UTF-8"?>
<!-- Generated by org.testng.reporters.JUnitReportReporter -->
<testsuite hostname="DESKTOP-JPO59LL" failures="0" tests="1" name="testNGTests.Activity7" time="0.812" errors="0" timestamp="2021-05-20T21:25:18 IST" skipped="0">
  <testcase classname="testNGTests.Activity7" name="loginTestCase" time="0.812"/>
  <system-out/>
</testsuite> <!-- testNGTests.Activity7 -->
