<?xml version="1.0" encoding="UTF-8"?>
<!-- Generated by org.testng.reporters.JUnitReportReporter -->
<testsuite hostname="DESKTOP-JPO59LL" failures="0" tests="5" name="testNGTests.Activity5" time="0.242" errors="0" timestamp="2021-05-20T21:25:18 IST" skipped="0">
  <testcase classname="testNGTests.Activity5" name="ButtonTest2" time="0.029"/>
  <system-out/>
  <testcase classname="testNGTests.Activity5" name="HeaderTest1" time="0.039"/>
  <system-out/>
  <testcase classname="testNGTests.Activity5" name="ButtonTest1" time="0.129"/>
  <system-out/>
  <testcase classname="testNGTests.Activity5" name="pageTitleTest" time="0.020"/>
  <system-out/>
  <testcase classname="testNGTests.Activity5" name="HeaderTest2" time="0.025"/>
  <system-out/>
</testsuite> <!-- testNGTests.Activity5 -->
