<?xml version="1.0" encoding="UTF-8"?>
<!-- Generated by org.testng.reporters.JUnitReportReporter -->
<testsuite hostname="DESKTOP-JPO59LL" failures="0" tests="1" name="testNGTests.Activity1" time="33.286" errors="0" timestamp="2021-05-20T21:25:18 IST" skipped="0">
  <testcase classname="testNGTests.Activity1" name="getPageTitle" time="33.286"/>
  <system-out/>
</testsuite> <!-- testNGTests.Activity1 -->
