<?xml version="1.0" encoding="UTF-8"?>
<!-- Generated by org.testng.reporters.JUnitReportReporter -->
<testsuite hostname="DESKTOP-JPO59LL" failures="0" tests="1" name="testNGTests.Activity6" time="1.486" errors="0" timestamp="2021-05-20T21:25:18 IST" skipped="0">
  <testcase classname="testNGTests.Activity6" name="loginTestCase" time="1.486"/>
  <system-out/>
</testsuite> <!-- testNGTests.Activity6 -->
