<?xml version="1.0" encoding="UTF-8"?>
<!-- Generated by org.testng.reporters.JUnitReportReporter -->
<testsuite hostname="DESKTOP-JPO59LL" failures="0" tests="3" name="testNGTests.Activity9" time="2.348" errors="0" timestamp="2021-05-20T21:25:18 IST" skipped="0">
  <testcase classname="testNGTests.Activity9" name="simpleAlertTestCase" time="1.326"/>
  <system-out>
    <![CDATA[simpleAlertTestCase() started |
Simple Alert opened |
Switched foucs to alert |
Alert text is: This is a JavaScript Alert! |
Alert closed
Test case ended |]]>
  </system-out>
  <testcase classname="testNGTests.Activity9" name="confirmAlertTestCase" time="0.233"/>
  <system-out>
    <![CDATA[confirmAlertTestCase() started |
Confirm Alert opened |
Switched foucs to alert |
Alert text is: This is a JavaScript Confirmation! |
Alert closed |
Test case ended |]]>
  </system-out>
  <testcase classname="testNGTests.Activity9" name="promptAlertTestCase" time="0.789"/>
  <system-out>
    <![CDATA[promptAlertTestCase() started |
Prompt Alert opened |
Switched foucs to alert |
Alert text is: This is a JavaScript Prompt! |
Text entered in prompt alert |
Alert closed |
Test case ended |]]>
  </system-out>
</testsuite> <!-- testNGTests.Activity9 -->
