<?xml version="1.0" encoding="UTF-8"?>
<!-- Generated by org.testng.reporters.JUnitReportReporter -->
<testsuite hostname="DESKTOP-JPO59LL" failures="0" tests="3" name="activities.Activity1" time="10.122" errors="0" timestamp="2021-05-21T09:08:37 IST" skipped="0">
  <testcase classname="activities.Activity1" name="addNewPet" time="7.199"/>
  <testcase classname="activities.Activity1" name="getPetInfo" time="1.530"/>
  <testcase classname="activities.Activity1" name="deletePet" time="1.393"/>
</testsuite> <!-- activities.Activity1 -->
