<?xml version="1.0" encoding="UTF-8"?>
<!-- Generated by org.testng.reporters.JUnitReportReporter -->
<testsuite hostname="DESKTOP-JPO59LL" failures="0" tests="5" name="activities.Activity3" time="12.078" errors="0" timestamp="2021-05-21T10:14:07 IST" skipped="0">
  <testcase classname="activities.Activity3" name="addPets" time="6.041"/>
  <testcase classname="activities.Activity3" name="getPets" time="1.487"/>
  <testcase classname="activities.Activity3" name="getPets" time="1.729"/>
  <testcase classname="activities.Activity3" name="deletePets" time="1.382"/>
  <testcase classname="activities.Activity3" name="deletePets" time="1.439"/>
</testsuite> <!-- activities.Activity3 -->
